d:\dxengine\directx11_starter\debug\vc140.pdb
d:\dxengine\directx11_starter\debug\vc140.idb
d:\dxengine\directx11_starter\debug\simpleshader.obj
d:\dxengine\directx11_starter\debug\directxgamecore.obj
d:\dxengine\directx11_starter\debug\gameobject.obj
d:\dxengine\directx11_starter\debug\mydemogame.obj
d:\dxengine\directx11_starter\debug\skybox.obj
d:\dxengine\directx11_starter\debug\camera.obj
d:\dxengine\debug\blurps.cso
d:\dxengine\debug\blurvs.cso
d:\dxengine\debug\brightness.cso
d:\dxengine\debug\mergeshader.cso
d:\dxengine\debug\normalmapping.cso
d:\dxengine\debug\parallaxmapping.cso
d:\dxengine\debug\parallaxvertexshader.cso
d:\dxengine\debug\pixelshader.cso
d:\dxengine\debug\vertexshader.cso
d:\dxengine\debug\skyps.cso
d:\dxengine\debug\skyvs.cso
d:\dxengine\debug\shadowvertex.cso
d:\dxengine\debug\directx11_starter.ilk
d:\dxengine\debug\directx11_starter.exe
d:\dxengine\debug\directx11_starter.pdb
d:\dxfinal\directx11_starter\debug\camera.obj
d:\dxfinal\directx11_starter\debug\directxgamecore.obj
d:\dxfinal\directx11_starter\debug\dxerr.obj
d:\dxfinal\directx11_starter\debug\gameobject.obj
d:\dxfinal\directx11_starter\debug\imgui.obj
d:\dxfinal\directx11_starter\debug\imgui_demo.obj
d:\dxfinal\directx11_starter\debug\imgui_draw.obj
d:\dxfinal\directx11_starter\debug\imgui_impl_dx11.obj
d:\dxfinal\directx11_starter\debug\inputmanager.obj
d:\dxfinal\directx11_starter\debug\material.obj
d:\dxfinal\directx11_starter\debug\mesh.obj
d:\dxfinal\directx11_starter\debug\simpleshader.obj
d:\dxfinal\directx11_starter\debug\skybox.obj
d:\dxfinal\directx11_starter\debug\vc140.idb
d:\dxfinal\directx11_starter\debug\vc140.pdb
d:\dxfinal\debug\directx11_starter.pdb
d:\dxfinal\debug\directx11_starter.exe
d:\dxfinal\debug\directx11_starter.ilk
d:\dxfinal\directx11_starter\debug\directx1.feb50fc0.tlog\cl.command.1.tlog
d:\dxfinal\directx11_starter\debug\directx1.feb50fc0.tlog\cl.read.1.tlog
d:\dxfinal\directx11_starter\debug\directx1.feb50fc0.tlog\cl.write.1.tlog
d:\dxfinal\directx11_starter\debug\directx1.feb50fc0.tlog\directx11_starter.write.1u.tlog
d:\dxfinal\directx11_starter\debug\directx1.feb50fc0.tlog\fxc.read.1.tlog
d:\dxfinal\directx11_starter\debug\directx1.feb50fc0.tlog\fxc.write.1.tlog
d:\dxfinal\directx11_starter\debug\directx1.feb50fc0.tlog\link.command.1.tlog
d:\dxfinal\directx11_starter\debug\directx1.feb50fc0.tlog\link.read.1.tlog
d:\dxfinal\directx11_starter\debug\directx1.feb50fc0.tlog\link.write.1.tlog
