c:\users\uday shanker\desktop\ai\finaldxbuild-master\bullet_physics\build3\vs2010\obj\x32\debug\bulletcollision\btdbvt.obj
c:\users\uday shanker\desktop\ai\finaldxbuild-master\bullet_physics\build3\vs2010\obj\x32\debug\bulletcollision\btoverlappingpaircache.obj
c:\users\uday shanker\desktop\ai\finaldxbuild-master\bullet_physics\build3\vs2010\obj\x32\debug\bulletcollision\btactivatingcollisionalgorithm.obj
c:\users\uday shanker\desktop\ai\finaldxbuild-master\bullet_physics\build3\vs2010\obj\x32\debug\bulletcollision\btboxboxdetector.obj
c:\users\uday shanker\desktop\ai\finaldxbuild-master\bullet_physics\build3\vs2010\obj\x32\debug\bulletcollision\btcollisionworldimporter.obj
c:\users\uday shanker\desktop\ai\finaldxbuild-master\bullet_physics\build3\vs2010\obj\x32\debug\bulletcollision\btemptycollisionalgorithm.obj
c:\users\uday shanker\desktop\ai\finaldxbuild-master\bullet_physics\build3\vs2010\obj\x32\debug\bulletcollision\btinternaledgeutility.obj
c:\users\uday shanker\desktop\ai\finaldxbuild-master\bullet_physics\build3\vs2010\obj\x32\debug\bulletcollision\spheretriangledetector.obj
c:\users\uday shanker\desktop\ai\finaldxbuild-master\bullet_physics\build3\vs2010\obj\x32\debug\bulletcollision\btbvhtrianglemeshshape.obj
c:\users\uday shanker\desktop\ai\finaldxbuild-master\bullet_physics\build3\vs2010\obj\x32\debug\bulletcollision\btconvexhullshape.obj
c:\users\uday shanker\desktop\ai\finaldxbuild-master\bullet_physics\build3\vs2010\obj\x32\debug\bulletcollision\btconvextrianglemeshshape.obj
c:\users\uday shanker\desktop\ai\finaldxbuild-master\bullet_physics\build3\vs2010\obj\x32\debug\bulletcollision\btheightfieldterrainshape.obj
c:\users\uday shanker\desktop\ai\finaldxbuild-master\bullet_physics\build3\vs2010\obj\x32\debug\bulletcollision\btoptimizedbvh.obj
c:\users\uday shanker\desktop\ai\finaldxbuild-master\bullet_physics\build3\vs2010\obj\x32\debug\bulletcollision\btsphereshape.obj
c:\users\uday shanker\desktop\ai\finaldxbuild-master\bullet_physics\build3\vs2010\obj\x32\debug\bulletcollision\btstridingmeshinterface.obj
c:\users\uday shanker\desktop\ai\finaldxbuild-master\bullet_physics\build3\vs2010\obj\x32\debug\bulletcollision\bttrianglemeshshape.obj
c:\users\uday shanker\desktop\ai\finaldxbuild-master\bullet_physics\build3\vs2010\obj\x32\debug\bulletcollision\btgenericpoolallocator.obj
c:\users\uday shanker\desktop\ai\finaldxbuild-master\bullet_physics\build3\vs2010\obj\x32\debug\bulletcollision\btgimpactquantizedbvh.obj
c:\users\uday shanker\desktop\ai\finaldxbuild-master\bullet_physics\build3\vs2010\obj\x32\debug\bulletcollision\gim_box_set.obj
c:\users\uday shanker\desktop\ai\finaldxbuild-master\bullet_physics\build3\vs2010\obj\x32\debug\bulletcollision\gim_tri_collision.obj
c:\users\uday shanker\desktop\ai\finaldxbuild-master\bullet_physics\build3\vs2010\obj\x32\debug\bulletcollision\btgjkepa2.obj
c:\users\uday shanker\desktop\ai\finaldxbuild-master\bullet_physics\build3\vs2010\obj\x32\debug\bulletcollision\btpersistentmanifold.obj
c:\users\uday shanker\desktop\ai\finaldxbuild-master\bullet_physics\build3\vs2010\obj\x32\debug\bulletcollision\btraycastcallback.obj
c:\users\uday shanker\desktop\ai\finaldxbuild-master\bullet_physics\build3\vs2010\obj\x32\debug\bulletcollision\btaxissweep3.obj
c:\users\uday shanker\desktop\ai\finaldxbuild-master\bullet_physics\build3\vs2010\obj\x32\debug\bulletcollision\btquantizedbvh.obj
c:\users\uday shanker\desktop\ai\finaldxbuild-master\bullet_physics\build3\vs2010\obj\x32\debug\bulletcollision\btcollisionobject.obj
c:\users\uday shanker\desktop\ai\finaldxbuild-master\bullet_physics\build3\vs2010\obj\x32\debug\bulletcollision\btcompoundcompoundcollisionalgorithm.obj
c:\users\uday shanker\desktop\ai\finaldxbuild-master\bullet_physics\build3\vs2010\obj\x32\debug\bulletcollision\btconvexconcavecollisionalgorithm.obj
c:\users\uday shanker\desktop\ai\finaldxbuild-master\bullet_physics\build3\vs2010\obj\x32\debug\bulletcollision\btdefaultcollisionconfiguration.obj
c:\users\uday shanker\desktop\ai\finaldxbuild-master\bullet_physics\build3\vs2010\obj\x32\debug\bulletcollision\btmanifoldresult.obj
c:\users\uday shanker\desktop\ai\finaldxbuild-master\bullet_physics\build3\vs2010\obj\x32\debug\bulletcollision\btspherespherecollisionalgorithm.obj
c:\users\uday shanker\desktop\ai\finaldxbuild-master\bullet_physics\build3\vs2010\obj\x32\debug\bulletcollision\btbox2dshape.obj
c:\users\uday shanker\desktop\ai\finaldxbuild-master\bullet_physics\build3\vs2010\obj\x32\debug\bulletcollision\btcollisionshape.obj
c:\users\uday shanker\desktop\ai\finaldxbuild-master\bullet_physics\build3\vs2010\obj\x32\debug\bulletcollision\btconvex2dshape.obj
c:\users\uday shanker\desktop\ai\finaldxbuild-master\bullet_physics\build3\vs2010\obj\x32\debug\bulletcollision\btconvexpolyhedron.obj
c:\users\uday shanker\desktop\ai\finaldxbuild-master\bullet_physics\build3\vs2010\obj\x32\debug\bulletcollision\btemptyshape.obj
c:\users\uday shanker\desktop\ai\finaldxbuild-master\bullet_physics\build3\vs2010\obj\x32\debug\bulletcollision\btmultimaterialtrianglemeshshape.obj
c:\users\uday shanker\desktop\ai\finaldxbuild-master\bullet_physics\build3\vs2010\obj\x32\debug\bulletcollision\btscaledbvhtrianglemeshshape.obj
c:\users\uday shanker\desktop\ai\finaldxbuild-master\bullet_physics\build3\vs2010\obj\x32\debug\bulletcollision\bttrianglecallback.obj
c:\users\uday shanker\desktop\ai\finaldxbuild-master\bullet_physics\build3\vs2010\obj\x32\debug\bulletcollision\bttrianglemesh.obj
c:\users\uday shanker\desktop\ai\finaldxbuild-master\bullet_physics\build3\vs2010\obj\x32\debug\bulletcollision\btgimpactbvh.obj
c:\users\uday shanker\desktop\ai\finaldxbuild-master\bullet_physics\build3\vs2010\obj\x32\debug\bulletcollision\bttriangleshapeex.obj
c:\users\uday shanker\desktop\ai\finaldxbuild-master\bullet_physics\build3\vs2010\obj\x32\debug\bulletcollision\btcontinuousconvexcollision.obj
c:\users\uday shanker\desktop\ai\finaldxbuild-master\bullet_physics\build3\vs2010\obj\x32\debug\bulletcollision\btgjkepapenetrationdepthsolver.obj
c:\users\uday shanker\desktop\ai\finaldxbuild-master\bullet_physics\build3\vs2010\obj\x32\debug\bulletcollision\btminkowskipenetrationdepthsolver.obj
c:\users\uday shanker\desktop\ai\finaldxbuild-master\bullet_physics\build3\vs2010\obj\x32\debug\bulletcollision\btsubsimplexconvexcast.obj
c:\users\uday shanker\desktop\ai\finaldxbuild-master\bullet_physics\build3\vs2010\obj\x32\debug\bulletcollision\btcollisionalgorithm.obj
c:\users\uday shanker\desktop\ai\finaldxbuild-master\bullet_physics\build3\vs2010\obj\x32\debug\bulletcollision\btdispatcher.obj
c:\users\uday shanker\desktop\ai\finaldxbuild-master\bullet_physics\build3\vs2010\obj\x32\debug\bulletcollision\btmultisapbroadphase.obj
c:\users\uday shanker\desktop\ai\finaldxbuild-master\bullet_physics\build3\vs2010\obj\x32\debug\bulletcollision\btbox2dbox2dcollisionalgorithm.obj
c:\users\uday shanker\desktop\ai\finaldxbuild-master\bullet_physics\build3\vs2010\obj\x32\debug\bulletcollision\btcollisiondispatcher.obj
c:\users\uday shanker\desktop\ai\finaldxbuild-master\bullet_physics\build3\vs2010\obj\x32\debug\bulletcollision\btcompoundcollisionalgorithm.obj
c:\users\uday shanker\desktop\ai\finaldxbuild-master\bullet_physics\build3\vs2010\obj\x32\debug\bulletcollision\btconvex2dconvex2dalgorithm.obj
c:\users\uday shanker\desktop\ai\finaldxbuild-master\bullet_physics\build3\vs2010\obj\x32\debug\bulletcollision\btconvexplanecollisionalgorithm.obj
c:\users\uday shanker\desktop\ai\finaldxbuild-master\bullet_physics\build3\vs2010\obj\x32\debug\bulletcollision\bthashedsimplepaircache.obj
c:\users\uday shanker\desktop\ai\finaldxbuild-master\bullet_physics\build3\vs2010\obj\x32\debug\bulletcollision\btsimulationislandmanager.obj
c:\users\uday shanker\desktop\ai\finaldxbuild-master\bullet_physics\build3\vs2010\obj\x32\debug\bulletcollision\btspheretrianglecollisionalgorithm.obj
c:\users\uday shanker\desktop\ai\finaldxbuild-master\bullet_physics\build3\vs2010\obj\x32\debug\bulletcollision\btcapsuleshape.obj
c:\users\uday shanker\desktop\ai\finaldxbuild-master\bullet_physics\build3\vs2010\obj\x32\debug\bulletcollision\btconcaveshape.obj
c:\users\uday shanker\desktop\ai\finaldxbuild-master\bullet_physics\build3\vs2010\obj\x32\debug\bulletcollision\btconeshape.obj
c:\users\uday shanker\desktop\ai\finaldxbuild-master\bullet_physics\build3\vs2010\obj\x32\debug\bulletcollision\btconvexpointcloudshape.obj
c:\users\uday shanker\desktop\ai\finaldxbuild-master\bullet_physics\build3\vs2010\obj\x32\debug\bulletcollision\btcylindershape.obj
c:\users\uday shanker\desktop\ai\finaldxbuild-master\bullet_physics\build3\vs2010\obj\x32\debug\bulletcollision\btmultisphereshape.obj
c:\users\uday shanker\desktop\ai\finaldxbuild-master\bullet_physics\build3\vs2010\obj\x32\debug\bulletcollision\btshapehull.obj
c:\users\uday shanker\desktop\ai\finaldxbuild-master\bullet_physics\build3\vs2010\obj\x32\debug\bulletcollision\bttrianglebuffer.obj
c:\users\uday shanker\desktop\ai\finaldxbuild-master\bullet_physics\build3\vs2010\obj\x32\debug\bulletcollision\bttriangleindexvertexarray.obj
c:\users\uday shanker\desktop\ai\finaldxbuild-master\bullet_physics\build3\vs2010\obj\x32\debug\bulletcollision\btuniformscalingshape.obj
c:\users\uday shanker\desktop\ai\finaldxbuild-master\bullet_physics\build3\vs2010\obj\x32\debug\bulletcollision\btgimpactcollisionalgorithm.obj
c:\users\uday shanker\desktop\ai\finaldxbuild-master\bullet_physics\build3\vs2010\obj\x32\debug\bulletcollision\gim_contact.obj
c:\users\uday shanker\desktop\ai\finaldxbuild-master\bullet_physics\build3\vs2010\obj\x32\debug\bulletcollision\btgjkconvexcast.obj
c:\users\uday shanker\desktop\ai\finaldxbuild-master\bullet_physics\build3\vs2010\obj\x32\debug\bulletcollision\btpolyhedralcontactclipping.obj
c:\users\uday shanker\desktop\ai\finaldxbuild-master\bullet_physics\build3\vs2010\obj\x32\debug\bulletcollision\btbroadphaseproxy.obj
c:\users\uday shanker\desktop\ai\finaldxbuild-master\bullet_physics\build3\vs2010\obj\x32\debug\bulletcollision\btdbvtbroadphase.obj
c:\users\uday shanker\desktop\ai\finaldxbuild-master\bullet_physics\build3\vs2010\obj\x32\debug\bulletcollision\btsimplebroadphase.obj
c:\users\uday shanker\desktop\ai\finaldxbuild-master\bullet_physics\build3\vs2010\obj\x32\debug\bulletcollision\btboxboxcollisionalgorithm.obj
c:\users\uday shanker\desktop\ai\finaldxbuild-master\bullet_physics\build3\vs2010\obj\x32\debug\bulletcollision\btcollisionworld.obj
c:\users\uday shanker\desktop\ai\finaldxbuild-master\bullet_physics\build3\vs2010\obj\x32\debug\bulletcollision\btconvexconvexalgorithm.obj
c:\users\uday shanker\desktop\ai\finaldxbuild-master\bullet_physics\build3\vs2010\obj\x32\debug\bulletcollision\btghostobject.obj
c:\users\uday shanker\desktop\ai\finaldxbuild-master\bullet_physics\build3\vs2010\obj\x32\debug\bulletcollision\btsphereboxcollisionalgorithm.obj
c:\users\uday shanker\desktop\ai\finaldxbuild-master\bullet_physics\build3\vs2010\obj\x32\debug\bulletcollision\btunionfind.obj
c:\users\uday shanker\desktop\ai\finaldxbuild-master\bullet_physics\build3\vs2010\obj\x32\debug\bulletcollision\btboxshape.obj
c:\users\uday shanker\desktop\ai\finaldxbuild-master\bullet_physics\build3\vs2010\obj\x32\debug\bulletcollision\btcompoundshape.obj
c:\users\uday shanker\desktop\ai\finaldxbuild-master\bullet_physics\build3\vs2010\obj\x32\debug\bulletcollision\btconvexinternalshape.obj
c:\users\uday shanker\desktop\ai\finaldxbuild-master\bullet_physics\build3\vs2010\obj\x32\debug\bulletcollision\btconvexshape.obj
c:\users\uday shanker\desktop\ai\finaldxbuild-master\bullet_physics\build3\vs2010\obj\x32\debug\bulletcollision\btminkowskisumshape.obj
c:\users\uday shanker\desktop\ai\finaldxbuild-master\bullet_physics\build3\vs2010\obj\x32\debug\bulletcollision\btpolyhedralconvexshape.obj
c:\users\uday shanker\desktop\ai\finaldxbuild-master\bullet_physics\build3\vs2010\obj\x32\debug\bulletcollision\btstaticplaneshape.obj
c:\users\uday shanker\desktop\ai\finaldxbuild-master\bullet_physics\build3\vs2010\obj\x32\debug\bulletcollision\bttetrahedronshape.obj
c:\users\uday shanker\desktop\ai\finaldxbuild-master\bullet_physics\build3\vs2010\obj\x32\debug\bulletcollision\bttriangleindexvertexmaterialarray.obj
c:\users\uday shanker\desktop\ai\finaldxbuild-master\bullet_physics\build3\vs2010\obj\x32\debug\bulletcollision\btcontactprocessing.obj
c:\users\uday shanker\desktop\ai\finaldxbuild-master\bullet_physics\build3\vs2010\obj\x32\debug\bulletcollision\btgimpactshape.obj
c:\users\uday shanker\desktop\ai\finaldxbuild-master\bullet_physics\build3\vs2010\obj\x32\debug\bulletcollision\gim_memory.obj
c:\users\uday shanker\desktop\ai\finaldxbuild-master\bullet_physics\build3\vs2010\obj\x32\debug\bulletcollision\btconvexcast.obj
c:\users\uday shanker\desktop\ai\finaldxbuild-master\bullet_physics\build3\vs2010\obj\x32\debug\bulletcollision\btgjkpairdetector.obj
c:\users\uday shanker\desktop\ai\finaldxbuild-master\bullet_physics\build3\vs2010\obj\x32\debug\bulletcollision\btvoronoisimplexsolver.obj
c:\users\uday shanker\desktop\ai\finaldxbuild-master\bullet_physics\bin\bulletcollision_vs2010_debug.pdb
c:\users\uday shanker\desktop\finaldxbuild-master\bullet_physics\build3\vs2010\obj\x32\debug\bulletcollision\btbroadphaseproxy.obj
c:\users\uday shanker\desktop\finaldxbuild-master\bullet_physics\build3\vs2010\obj\x32\debug\bulletcollision\btdbvtbroadphase.obj
c:\users\uday shanker\desktop\finaldxbuild-master\bullet_physics\build3\vs2010\obj\x32\debug\bulletcollision\btsimplebroadphase.obj
c:\users\uday shanker\desktop\finaldxbuild-master\bullet_physics\build3\vs2010\obj\x32\debug\bulletcollision\btboxboxcollisionalgorithm.obj
c:\users\uday shanker\desktop\finaldxbuild-master\bullet_physics\build3\vs2010\obj\x32\debug\bulletcollision\btcollisionworld.obj
c:\users\uday shanker\desktop\finaldxbuild-master\bullet_physics\build3\vs2010\obj\x32\debug\bulletcollision\btconvexplanecollisionalgorithm.obj
c:\users\uday shanker\desktop\finaldxbuild-master\bullet_physics\build3\vs2010\obj\x32\debug\bulletcollision\btemptycollisionalgorithm.obj
c:\users\uday shanker\desktop\finaldxbuild-master\bullet_physics\build3\vs2010\obj\x32\debug\bulletcollision\btsimulationislandmanager.obj
c:\users\uday shanker\desktop\finaldxbuild-master\bullet_physics\build3\vs2010\obj\x32\debug\bulletcollision\btspheretrianglecollisionalgorithm.obj
c:\users\uday shanker\desktop\finaldxbuild-master\bullet_physics\build3\vs2010\obj\x32\debug\bulletcollision\btcollisionshape.obj
c:\users\uday shanker\desktop\finaldxbuild-master\bullet_physics\build3\vs2010\obj\x32\debug\bulletcollision\btconvex2dshape.obj
c:\users\uday shanker\desktop\finaldxbuild-master\bullet_physics\build3\vs2010\obj\x32\debug\bulletcollision\btconvexpolyhedron.obj
c:\users\uday shanker\desktop\finaldxbuild-master\bullet_physics\build3\vs2010\obj\x32\debug\bulletcollision\btemptyshape.obj
c:\users\uday shanker\desktop\finaldxbuild-master\bullet_physics\build3\vs2010\obj\x32\debug\bulletcollision\btminkowskisumshape.obj
c:\users\uday shanker\desktop\finaldxbuild-master\bullet_physics\build3\vs2010\obj\x32\debug\bulletcollision\btpolyhedralconvexshape.obj
c:\users\uday shanker\desktop\finaldxbuild-master\bullet_physics\build3\vs2010\obj\x32\debug\bulletcollision\btstaticplaneshape.obj
c:\users\uday shanker\desktop\finaldxbuild-master\bullet_physics\build3\vs2010\obj\x32\debug\bulletcollision\bttetrahedronshape.obj
c:\users\uday shanker\desktop\finaldxbuild-master\bullet_physics\build3\vs2010\obj\x32\debug\bulletcollision\bttrianglemesh.obj
c:\users\uday shanker\desktop\finaldxbuild-master\bullet_physics\build3\vs2010\obj\x32\debug\bulletcollision\btgenericpoolallocator.obj
c:\users\uday shanker\desktop\finaldxbuild-master\bullet_physics\build3\vs2010\obj\x32\debug\bulletcollision\btgimpactquantizedbvh.obj
c:\users\uday shanker\desktop\finaldxbuild-master\bullet_physics\build3\vs2010\obj\x32\debug\bulletcollision\gim_box_set.obj
c:\users\uday shanker\desktop\finaldxbuild-master\bullet_physics\build3\vs2010\obj\x32\debug\bulletcollision\gim_tri_collision.obj
c:\users\uday shanker\desktop\finaldxbuild-master\bullet_physics\build3\vs2010\obj\x32\debug\bulletcollision\btgjkepa2.obj
c:\users\uday shanker\desktop\finaldxbuild-master\bullet_physics\build3\vs2010\obj\x32\debug\bulletcollision\btpersistentmanifold.obj
c:\users\uday shanker\desktop\finaldxbuild-master\bullet_physics\build3\vs2010\obj\x32\debug\bulletcollision\btvoronoisimplexsolver.obj
c:\users\uday shanker\desktop\finaldxbuild-master\bullet_physics\build3\vs2010\obj\x32\debug\bulletcollision\btcollisionalgorithm.obj
c:\users\uday shanker\desktop\finaldxbuild-master\bullet_physics\build3\vs2010\obj\x32\debug\bulletcollision\btdispatcher.obj
c:\users\uday shanker\desktop\finaldxbuild-master\bullet_physics\build3\vs2010\obj\x32\debug\bulletcollision\btmultisapbroadphase.obj
c:\users\uday shanker\desktop\finaldxbuild-master\bullet_physics\build3\vs2010\obj\x32\debug\bulletcollision\btactivatingcollisionalgorithm.obj
c:\users\uday shanker\desktop\finaldxbuild-master\bullet_physics\build3\vs2010\obj\x32\debug\bulletcollision\btboxboxdetector.obj
c:\users\uday shanker\desktop\finaldxbuild-master\bullet_physics\build3\vs2010\obj\x32\debug\bulletcollision\btcollisionworldimporter.obj
c:\users\uday shanker\desktop\finaldxbuild-master\bullet_physics\build3\vs2010\obj\x32\debug\bulletcollision\btdefaultcollisionconfiguration.obj
c:\users\uday shanker\desktop\finaldxbuild-master\bullet_physics\build3\vs2010\obj\x32\debug\bulletcollision\btinternaledgeutility.obj
c:\users\uday shanker\desktop\finaldxbuild-master\bullet_physics\build3\vs2010\obj\x32\debug\bulletcollision\spheretriangledetector.obj
c:\users\uday shanker\desktop\finaldxbuild-master\bullet_physics\build3\vs2010\obj\x32\debug\bulletcollision\btbvhtrianglemeshshape.obj
c:\users\uday shanker\desktop\finaldxbuild-master\bullet_physics\build3\vs2010\obj\x32\debug\bulletcollision\btconvexhullshape.obj
c:\users\uday shanker\desktop\finaldxbuild-master\bullet_physics\build3\vs2010\obj\x32\debug\bulletcollision\btcylindershape.obj
c:\users\uday shanker\desktop\finaldxbuild-master\bullet_physics\build3\vs2010\obj\x32\debug\bulletcollision\btmultisphereshape.obj
c:\users\uday shanker\desktop\finaldxbuild-master\bullet_physics\build3\vs2010\obj\x32\debug\bulletcollision\btshapehull.obj
c:\users\uday shanker\desktop\finaldxbuild-master\bullet_physics\build3\vs2010\obj\x32\debug\bulletcollision\bttrianglebuffer.obj
c:\users\uday shanker\desktop\finaldxbuild-master\bullet_physics\build3\vs2010\obj\x32\debug\bulletcollision\bttriangleindexvertexmaterialarray.obj
c:\users\uday shanker\desktop\finaldxbuild-master\bullet_physics\build3\vs2010\obj\x32\debug\bulletcollision\btcontactprocessing.obj
c:\users\uday shanker\desktop\finaldxbuild-master\bullet_physics\build3\vs2010\obj\x32\debug\bulletcollision\btgimpactshape.obj
c:\users\uday shanker\desktop\finaldxbuild-master\bullet_physics\build3\vs2010\obj\x32\debug\bulletcollision\btconvexcast.obj
c:\users\uday shanker\desktop\finaldxbuild-master\bullet_physics\build3\vs2010\obj\x32\debug\bulletcollision\btgjkepapenetrationdepthsolver.obj
c:\users\uday shanker\desktop\finaldxbuild-master\bullet_physics\build3\vs2010\obj\x32\debug\bulletcollision\btpolyhedralcontactclipping.obj
c:\users\uday shanker\desktop\finaldxbuild-master\bullet_physics\build3\vs2010\obj\x32\debug\bulletcollision\btaxissweep3.obj
c:\users\uday shanker\desktop\finaldxbuild-master\bullet_physics\build3\vs2010\obj\x32\debug\bulletcollision\btquantizedbvh.obj
c:\users\uday shanker\desktop\finaldxbuild-master\bullet_physics\build3\vs2010\obj\x32\debug\bulletcollision\btcollisiondispatcher.obj
c:\users\uday shanker\desktop\finaldxbuild-master\bullet_physics\build3\vs2010\obj\x32\debug\bulletcollision\btcompoundcollisionalgorithm.obj
c:\users\uday shanker\desktop\finaldxbuild-master\bullet_physics\build3\vs2010\obj\x32\debug\bulletcollision\btconvex2dconvex2dalgorithm.obj
c:\users\uday shanker\desktop\finaldxbuild-master\bullet_physics\build3\vs2010\obj\x32\debug\bulletcollision\btconvexconvexalgorithm.obj
c:\users\uday shanker\desktop\finaldxbuild-master\bullet_physics\build3\vs2010\obj\x32\debug\bulletcollision\bthashedsimplepaircache.obj
c:\users\uday shanker\desktop\finaldxbuild-master\bullet_physics\build3\vs2010\obj\x32\debug\bulletcollision\btmanifoldresult.obj
c:\users\uday shanker\desktop\finaldxbuild-master\bullet_physics\build3\vs2010\obj\x32\debug\bulletcollision\btspherespherecollisionalgorithm.obj
c:\users\uday shanker\desktop\finaldxbuild-master\bullet_physics\build3\vs2010\obj\x32\debug\bulletcollision\btbox2dshape.obj
c:\users\uday shanker\desktop\finaldxbuild-master\bullet_physics\build3\vs2010\obj\x32\debug\bulletcollision\btcapsuleshape.obj
c:\users\uday shanker\desktop\finaldxbuild-master\bullet_physics\build3\vs2010\obj\x32\debug\bulletcollision\btconcaveshape.obj
c:\users\uday shanker\desktop\finaldxbuild-master\bullet_physics\build3\vs2010\obj\x32\debug\bulletcollision\btconeshape.obj
c:\users\uday shanker\desktop\finaldxbuild-master\bullet_physics\build3\vs2010\obj\x32\debug\bulletcollision\btconvexpointcloudshape.obj
c:\users\uday shanker\desktop\finaldxbuild-master\bullet_physics\build3\vs2010\obj\x32\debug\bulletcollision\btconvextrianglemeshshape.obj
c:\users\uday shanker\desktop\finaldxbuild-master\bullet_physics\build3\vs2010\obj\x32\debug\bulletcollision\btheightfieldterrainshape.obj
c:\users\uday shanker\desktop\finaldxbuild-master\bullet_physics\build3\vs2010\obj\x32\debug\bulletcollision\btoptimizedbvh.obj
c:\users\uday shanker\desktop\finaldxbuild-master\bullet_physics\build3\vs2010\obj\x32\debug\bulletcollision\btsphereshape.obj
c:\users\uday shanker\desktop\finaldxbuild-master\bullet_physics\build3\vs2010\obj\x32\debug\bulletcollision\btstridingmeshinterface.obj
c:\users\uday shanker\desktop\finaldxbuild-master\bullet_physics\build3\vs2010\obj\x32\debug\bulletcollision\bttrianglemeshshape.obj
c:\users\uday shanker\desktop\finaldxbuild-master\bullet_physics\build3\vs2010\obj\x32\debug\bulletcollision\btgimpactcollisionalgorithm.obj
c:\users\uday shanker\desktop\finaldxbuild-master\bullet_physics\build3\vs2010\obj\x32\debug\bulletcollision\gim_contact.obj
c:\users\uday shanker\desktop\finaldxbuild-master\bullet_physics\build3\vs2010\obj\x32\debug\bulletcollision\btgjkconvexcast.obj
c:\users\uday shanker\desktop\finaldxbuild-master\bullet_physics\build3\vs2010\obj\x32\debug\bulletcollision\btminkowskipenetrationdepthsolver.obj
c:\users\uday shanker\desktop\finaldxbuild-master\bullet_physics\build3\vs2010\obj\x32\debug\bulletcollision\btsubsimplexconvexcast.obj
c:\users\uday shanker\desktop\finaldxbuild-master\bullet_physics\build3\vs2010\obj\x32\debug\bulletcollision\btdbvt.obj
c:\users\uday shanker\desktop\finaldxbuild-master\bullet_physics\build3\vs2010\obj\x32\debug\bulletcollision\btoverlappingpaircache.obj
c:\users\uday shanker\desktop\finaldxbuild-master\bullet_physics\build3\vs2010\obj\x32\debug\bulletcollision\btbox2dbox2dcollisionalgorithm.obj
c:\users\uday shanker\desktop\finaldxbuild-master\bullet_physics\build3\vs2010\obj\x32\debug\bulletcollision\btcollisionobject.obj
c:\users\uday shanker\desktop\finaldxbuild-master\bullet_physics\build3\vs2010\obj\x32\debug\bulletcollision\btcompoundcompoundcollisionalgorithm.obj
c:\users\uday shanker\desktop\finaldxbuild-master\bullet_physics\build3\vs2010\obj\x32\debug\bulletcollision\btconvexconcavecollisionalgorithm.obj
c:\users\uday shanker\desktop\finaldxbuild-master\bullet_physics\build3\vs2010\obj\x32\debug\bulletcollision\btghostobject.obj
c:\users\uday shanker\desktop\finaldxbuild-master\bullet_physics\build3\vs2010\obj\x32\debug\bulletcollision\btsphereboxcollisionalgorithm.obj
c:\users\uday shanker\desktop\finaldxbuild-master\bullet_physics\build3\vs2010\obj\x32\debug\bulletcollision\btunionfind.obj
c:\users\uday shanker\desktop\finaldxbuild-master\bullet_physics\build3\vs2010\obj\x32\debug\bulletcollision\btboxshape.obj
c:\users\uday shanker\desktop\finaldxbuild-master\bullet_physics\build3\vs2010\obj\x32\debug\bulletcollision\btcompoundshape.obj
c:\users\uday shanker\desktop\finaldxbuild-master\bullet_physics\build3\vs2010\obj\x32\debug\bulletcollision\btconvexinternalshape.obj
c:\users\uday shanker\desktop\finaldxbuild-master\bullet_physics\build3\vs2010\obj\x32\debug\bulletcollision\btconvexshape.obj
c:\users\uday shanker\desktop\finaldxbuild-master\bullet_physics\build3\vs2010\obj\x32\debug\bulletcollision\btmultimaterialtrianglemeshshape.obj
c:\users\uday shanker\desktop\finaldxbuild-master\bullet_physics\build3\vs2010\obj\x32\debug\bulletcollision\btscaledbvhtrianglemeshshape.obj
c:\users\uday shanker\desktop\finaldxbuild-master\bullet_physics\build3\vs2010\obj\x32\debug\bulletcollision\bttrianglecallback.obj
c:\users\uday shanker\desktop\finaldxbuild-master\bullet_physics\build3\vs2010\obj\x32\debug\bulletcollision\bttriangleindexvertexarray.obj
c:\users\uday shanker\desktop\finaldxbuild-master\bullet_physics\build3\vs2010\obj\x32\debug\bulletcollision\btuniformscalingshape.obj
c:\users\uday shanker\desktop\finaldxbuild-master\bullet_physics\build3\vs2010\obj\x32\debug\bulletcollision\btgimpactbvh.obj
c:\users\uday shanker\desktop\finaldxbuild-master\bullet_physics\build3\vs2010\obj\x32\debug\bulletcollision\bttriangleshapeex.obj
c:\users\uday shanker\desktop\finaldxbuild-master\bullet_physics\build3\vs2010\obj\x32\debug\bulletcollision\gim_memory.obj
c:\users\uday shanker\desktop\finaldxbuild-master\bullet_physics\build3\vs2010\obj\x32\debug\bulletcollision\btcontinuousconvexcollision.obj
c:\users\uday shanker\desktop\finaldxbuild-master\bullet_physics\build3\vs2010\obj\x32\debug\bulletcollision\btgjkpairdetector.obj
c:\users\uday shanker\desktop\finaldxbuild-master\bullet_physics\build3\vs2010\obj\x32\debug\bulletcollision\btraycastcallback.obj
c:\users\uday shanker\desktop\finaldxbuild-master\bullet_physics\bin\bulletcollision_vs2010_debug.pdb
c:\users\uday shanker\desktop\ai\finaldxbuild-master\bullet_physics\bin\bulletcollision_vs2010_debug.lib
c:\users\uday shanker\desktop\finaldxbuild-master\bullet_physics\bin\bulletcollision_vs2010_debug.lib
c:\users\uday shanker\desktop\finaldxbuild-master\bullet_physics\build3\vs2010\..\..\bin\bulletcollision_vs2010_debug.lib
c:\users\uday shanker\desktop\finaldxbuild-master\bullet_physics\build3\vs2010\obj\x32\debug\bulletcollision\bulletcollision.tlog\cl.command.1.tlog
c:\users\uday shanker\desktop\finaldxbuild-master\bullet_physics\build3\vs2010\obj\x32\debug\bulletcollision\bulletcollision.tlog\cl.read.1.tlog
c:\users\uday shanker\desktop\finaldxbuild-master\bullet_physics\build3\vs2010\obj\x32\debug\bulletcollision\bulletcollision.tlog\cl.write.1.tlog
c:\users\uday shanker\desktop\finaldxbuild-master\bullet_physics\build3\vs2010\obj\x32\debug\bulletcollision\bulletcollision.tlog\lib-link.read.1.tlog
c:\users\uday shanker\desktop\finaldxbuild-master\bullet_physics\build3\vs2010\obj\x32\debug\bulletcollision\bulletcollision.tlog\lib-link.write.1.tlog
c:\users\uday shanker\desktop\finaldxbuild-master\bullet_physics\build3\vs2010\obj\x32\debug\bulletcollision\bulletcollision.tlog\lib.command.1.tlog
