c:\users\uday shanker\desktop\ai\finaldxbuild-master\bullet_physics\build3\vs2010\obj\x32\debug\linearmath\btgeometryutil.obj
c:\users\uday shanker\desktop\ai\finaldxbuild-master\bullet_physics\build3\vs2010\obj\x32\debug\linearmath\btquickprof.obj
c:\users\uday shanker\desktop\ai\finaldxbuild-master\bullet_physics\build3\vs2010\obj\x32\debug\linearmath\btconvexhull.obj
c:\users\uday shanker\desktop\ai\finaldxbuild-master\bullet_physics\build3\vs2010\obj\x32\debug\linearmath\btvector3.obj
c:\users\uday shanker\desktop\ai\finaldxbuild-master\bullet_physics\build3\vs2010\obj\x32\debug\linearmath\btalignedallocator.obj
c:\users\uday shanker\desktop\ai\finaldxbuild-master\bullet_physics\build3\vs2010\obj\x32\debug\linearmath\btpolardecomposition.obj
c:\users\uday shanker\desktop\ai\finaldxbuild-master\bullet_physics\build3\vs2010\obj\x32\debug\linearmath\btserializer.obj
c:\users\uday shanker\desktop\ai\finaldxbuild-master\bullet_physics\build3\vs2010\obj\x32\debug\linearmath\btconvexhullcomputer.obj
c:\users\uday shanker\desktop\ai\finaldxbuild-master\bullet_physics\bin\linearmath_vs2010_debug.pdb
c:\users\uday shanker\desktop\finaldxbuild-master\bullet_physics\build3\vs2010\obj\x32\debug\linearmath\btgeometryutil.obj
c:\users\uday shanker\desktop\finaldxbuild-master\bullet_physics\build3\vs2010\obj\x32\debug\linearmath\btquickprof.obj
c:\users\uday shanker\desktop\finaldxbuild-master\bullet_physics\build3\vs2010\obj\x32\debug\linearmath\btalignedallocator.obj
c:\users\uday shanker\desktop\finaldxbuild-master\bullet_physics\build3\vs2010\obj\x32\debug\linearmath\btpolardecomposition.obj
c:\users\uday shanker\desktop\finaldxbuild-master\bullet_physics\build3\vs2010\obj\x32\debug\linearmath\btserializer.obj
c:\users\uday shanker\desktop\finaldxbuild-master\bullet_physics\build3\vs2010\obj\x32\debug\linearmath\btconvexhullcomputer.obj
c:\users\uday shanker\desktop\finaldxbuild-master\bullet_physics\build3\vs2010\obj\x32\debug\linearmath\btconvexhull.obj
c:\users\uday shanker\desktop\finaldxbuild-master\bullet_physics\build3\vs2010\obj\x32\debug\linearmath\btvector3.obj
c:\users\uday shanker\desktop\finaldxbuild-master\bullet_physics\bin\linearmath_vs2010_debug.pdb
c:\users\uday shanker\desktop\ai\finaldxbuild-master\bullet_physics\bin\linearmath_vs2010_debug.lib
c:\users\uday shanker\desktop\finaldxbuild-master\bullet_physics\bin\linearmath_vs2010_debug.lib
c:\users\uday shanker\desktop\finaldxbuild-master\bullet_physics\build3\vs2010\..\..\bin\linearmath_vs2010_debug.lib
c:\users\uday shanker\desktop\finaldxbuild-master\bullet_physics\build3\vs2010\obj\x32\debug\linearmath\linearmath.tlog\cl.command.1.tlog
c:\users\uday shanker\desktop\finaldxbuild-master\bullet_physics\build3\vs2010\obj\x32\debug\linearmath\linearmath.tlog\cl.read.1.tlog
c:\users\uday shanker\desktop\finaldxbuild-master\bullet_physics\build3\vs2010\obj\x32\debug\linearmath\linearmath.tlog\cl.write.1.tlog
c:\users\uday shanker\desktop\finaldxbuild-master\bullet_physics\build3\vs2010\obj\x32\debug\linearmath\linearmath.tlog\lib-link.read.1.tlog
c:\users\uday shanker\desktop\finaldxbuild-master\bullet_physics\build3\vs2010\obj\x32\debug\linearmath\linearmath.tlog\lib-link.write.1.tlog
c:\users\uday shanker\desktop\finaldxbuild-master\bullet_physics\build3\vs2010\obj\x32\debug\linearmath\linearmath.tlog\lib.command.1.tlog
